<?xml version="1.0" encoding="UTF-8"?>
<testng-results ignored="0" total="1" passed="1" failed="0" skipped="0">
  <reporter-output>
    <line>
      <![CDATA[enterBrowser]]>
    </line>
    <line>
      <![CDATA[Logout]]>
    </line>
  </reporter-output>
  <suite started-at="2021-05-27T13:38:18 IST" name="Default suite" finished-at="2021-05-27T13:40:12 IST" duration-ms="114727">
    <groups>
    </groups>
    <test started-at="2021-05-27T13:38:18 IST" name="Default test" finished-at="2021-05-27T13:40:12 IST" duration-ms="114727">
      <class name="com.adidaas.testscripts.CreateModule">
        <test-method is-config="true" signature="enterBrowser()[pri:0, instance:com.adidaas.testscripts.CreateModule@50ad3bc1]" started-at="2021-05-27T13:38:18 IST" name="enterBrowser" finished-at="2021-05-27T13:38:29 IST" duration-ms="11661" status="PASS">
          <reporter-output>
            <line>
              <![CDATA[enterBrowser]]>
            </line>
          </reporter-output>
        </test-method> <!-- enterBrowser -->
        <test-method signature="testCreateCustomer()[pri:0, instance:com.adidaas.testscripts.CreateModule@50ad3bc1]" started-at="2021-05-27T13:38:29 IST" name="testCreateCustomer" finished-at="2021-05-27T13:40:12 IST" duration-ms="102979" status="PASS">
          <reporter-output>
          </reporter-output>
        </test-method> <!-- testCreateCustomer -->
        <test-method is-config="true" signature="Logout()[pri:0, instance:com.adidaas.testscripts.CreateModule@50ad3bc1]" started-at="2021-05-27T13:40:12 IST" name="Logout" finished-at="2021-05-27T13:40:12 IST" duration-ms="1" status="PASS">
          <reporter-output>
            <line>
              <![CDATA[Logout]]>
            </line>
          </reporter-output>
        </test-method> <!-- Logout -->
      </class> <!-- com.adidaas.testscripts.CreateModule -->
    </test> <!-- Default test -->
  </suite> <!-- Default suite -->
</testng-results>
